{"level":"info","msg":"[Telmon] Monitoring Service started successfully ...","time":"2022-10-11T15:51:38+03:00"}
{"level":"info","msg":"[Telmon] Trying to connect to telnet server.","time":"2022-10-11T15:51:38+03:00"}
{"level":"info","msg":"[Telmon] Encountered errors while connecting: ","time":"2022-10-11T15:51:41+03:00"}
{"kind":"failed","level":"error","msg":"[Telmon] %v \ndial tcp [::1]:5555: connectex: No connection could be made because the target machine actively refused it.","time":"2022-10-11T15:51:41+03:00"}
{"level":"info","msg":"[Telmon] Reporting this error","time":"2022-10-11T15:51:41+03:00"}
{"level":"info","msg":"[Telmon] Running restoration command: go run .\\server\\telnet-server.go \n","time":"2022-10-11T15:51:41+03:00"}
{"level":"info","msg":"[Telmon] Restoration failed, command returned error: exit status 127","time":"2022-10-11T15:51:41+03:00"}
{"level":"info","msg":"[Telmon] Trying to connect to telnet server.","time":"2022-10-11T15:51:51+03:00"}
{"level":"info","msg":"[Telmon] Encountered errors while connecting: ","time":"2022-10-11T15:51:53+03:00"}
{"kind":"failed","level":"error","msg":"[Telmon] %v \ndial tcp [::1]:5555: connectex: No connection could be made because the target machine actively refused it.","time":"2022-10-11T15:51:53+03:00"}
{"level":"info","msg":"[Telmon] Reporting this error","time":"2022-10-11T15:51:53+03:00"}
{"level":"info","msg":"[Telmon] Running restoration command: go run .\\server\\telnet-server.go \n","time":"2022-10-11T15:51:53+03:00"}
{"level":"info","msg":"[Telmon] Restoration failed, command returned error: exit status 127","time":"2022-10-11T15:51:54+03:00"}
{"level":"info","msg":"[Telmon] Trying to connect to telnet server.","time":"2022-10-11T15:52:04+03:00"}
{"level":"info","msg":"[Telmon] Encountered errors while connecting: ","time":"2022-10-11T15:52:06+03:00"}
{"kind":"failed","level":"error","msg":"[Telmon] %v \ndial tcp [::1]:5555: connectex: No connection could be made because the target machine actively refused it.","time":"2022-10-11T15:52:06+03:00"}
{"level":"info","msg":"[Telmon] Reporting this error","time":"2022-10-11T15:52:06+03:00"}
{"level":"info","msg":"[Telmon] Running restoration command: go run .\\server\\telnet-server.go \n","time":"2022-10-11T15:52:06+03:00"}
{"level":"info","msg":"[Telmon] Restoration failed, command returned error: exit status 127","time":"2022-10-11T15:52:06+03:00"}
{"level":"info","msg":"[Telmon] Trying to connect to telnet server.","time":"2022-10-11T15:52:16+03:00"}
{"level":"info","msg":"[Telmon] Encountered errors while connecting: ","time":"2022-10-11T15:52:19+03:00"}
{"kind":"failed","level":"error","msg":"[Telmon] %v \ndial tcp [::1]:5555: connectex: No connection could be made because the target machine actively refused it.","time":"2022-10-11T15:52:19+03:00"}
{"level":"info","msg":"[Telmon] Reporting this error","time":"2022-10-11T15:52:19+03:00"}
{"level":"info","msg":"[Telmon] Running restoration command: go run .\\server\\telnet-server.go \n","time":"2022-10-11T15:52:19+03:00"}
{"level":"info","msg":"[Telmon] Restoration failed, command returned error: exit status 127","time":"2022-10-11T15:52:19+03:00"}
{"level":"info","msg":"[Telmon] Trying to connect to telnet server.","time":"2022-10-11T15:52:29+03:00"}
{"level":"info","msg":"[Telmon] Encountered errors while connecting: ","time":"2022-10-11T15:52:31+03:00"}
{"kind":"failed","level":"error","msg":"[Telmon] %v \ndial tcp [::1]:5555: connectex: No connection could be made because the target machine actively refused it.","time":"2022-10-11T15:52:31+03:00"}
{"level":"info","msg":"[Telmon] Reporting this error","time":"2022-10-11T15:52:31+03:00"}
{"level":"info","msg":"[Telmon] Running restoration command: go run .\\server\\telnet-server.go \n","time":"2022-10-11T15:52:31+03:00"}
{"level":"info","msg":"[Telmon] Restoration failed, command returned error: exit status 127","time":"2022-10-11T15:52:32+03:00"}
{"level":"info","msg":"[Telmon] Trying to connect to telnet server.","time":"2022-10-11T15:52:42+03:00"}
{"level":"info","msg":"[Telmon] Encountered errors while connecting: ","time":"2022-10-11T15:52:44+03:00"}
{"kind":"failed","level":"error","msg":"[Telmon] %v \ndial tcp [::1]:5555: connectex: No connection could be made because the target machine actively refused it.","time":"2022-10-11T15:52:44+03:00"}
{"level":"info","msg":"[Telmon] Reporting this error","time":"2022-10-11T15:52:44+03:00"}
{"level":"info","msg":"[Telmon] Running restoration command: go run .\\server\\telnet-server.go \n","time":"2022-10-11T15:52:44+03:00"}
{"level":"info","msg":"[Telmon] Restoration failed, command returned error: exit status 127","time":"2022-10-11T15:52:44+03:00"}
{"level":"info","msg":"[Telmon] Trying to connect to telnet server.","time":"2022-10-11T15:52:54+03:00"}
{"level":"info","msg":"[Telmon] Encountered errors while connecting: ","time":"2022-10-11T15:52:57+03:00"}
{"kind":"failed","level":"error","msg":"[Telmon] %v \ndial tcp [::1]:5555: connectex: No connection could be made because the target machine actively refused it.","time":"2022-10-11T15:52:57+03:00"}
{"level":"info","msg":"[Telmon] Reporting this error","time":"2022-10-11T15:52:57+03:00"}
{"level":"info","msg":"[Telmon] Running restoration command: go run .\\server\\telnet-server.go \n","time":"2022-10-11T15:52:57+03:00"}
{"level":"info","msg":"[Telmon] Restoration failed, command returned error: exit status 127","time":"2022-10-11T15:52:57+03:00"}
{"level":"info","msg":"[Telmon] Trying to connect to telnet server.","time":"2022-10-11T15:53:07+03:00"}
{"level":"info","msg":"[Telmon] Encountered errors while connecting: ","time":"2022-10-11T15:53:10+03:00"}
{"kind":"failed","level":"error","msg":"[Telmon] %v \ndial tcp [::1]:5555: connectex: No connection could be made because the target machine actively refused it.","time":"2022-10-11T15:53:10+03:00"}
{"level":"info","msg":"[Telmon] Reporting this error","time":"2022-10-11T15:53:10+03:00"}
{"level":"info","msg":"[Telmon] Running restoration command: go run .\\server\\telnet-server.go \n","time":"2022-10-11T15:53:10+03:00"}
{"level":"info","msg":"[Telmon] Restoration failed, command returned error: exit status 127","time":"2022-10-11T15:53:10+03:00"}
{"level":"info","msg":"[Telmon] Trying to connect to telnet server.","time":"2022-10-11T15:53:20+03:00"}
{"level":"info","msg":"[Telmon] Encountered errors while connecting: ","time":"2022-10-11T15:53:22+03:00"}
{"kind":"failed","level":"error","msg":"[Telmon] %v \ndial tcp [::1]:5555: connectex: No connection could be made because the target machine actively refused it.","time":"2022-10-11T15:53:22+03:00"}
{"level":"info","msg":"[Telmon] Reporting this error","time":"2022-10-11T15:53:22+03:00"}
{"level":"info","msg":"[Telmon] Running restoration command: go run .\\server\\telnet-server.go \n","time":"2022-10-11T15:53:22+03:00"}
{"level":"info","msg":"[Telmon] Restoration failed, command returned error: exit status 127","time":"2022-10-11T15:53:23+03:00"}
{"level":"info","msg":"[Telmon] Trying to connect to telnet server.","time":"2022-10-11T15:53:33+03:00"}
{"level":"info","msg":"[Telmon] Encountered errors while connecting: ","time":"2022-10-11T15:53:35+03:00"}
{"kind":"failed","level":"error","msg":"[Telmon] %v \ndial tcp [::1]:5555: connectex: No connection could be made because the target machine actively refused it.","time":"2022-10-11T15:53:35+03:00"}
{"level":"info","msg":"[Telmon] Reporting this error","time":"2022-10-11T15:53:35+03:00"}
{"level":"info","msg":"[Telmon] Running restoration command: go run .\\server\\telnet-server.go \n","time":"2022-10-11T15:53:35+03:00"}
{"level":"info","msg":"[Telmon] Restoration failed, command returned error: exit status 127","time":"2022-10-11T15:53:35+03:00"}
{"level":"info","msg":"[Telmon] Trying to connect to telnet server.","time":"2022-10-11T15:53:45+03:00"}
{"level":"info","msg":"[Telmon] Encountered errors while connecting: ","time":"2022-10-11T15:53:48+03:00"}
{"kind":"failed","level":"error","msg":"[Telmon] %v \ndial tcp [::1]:5555: connectex: No connection could be made because the target machine actively refused it.","time":"2022-10-11T15:53:48+03:00"}
{"level":"info","msg":"[Telmon] Reporting this error","time":"2022-10-11T15:53:48+03:00"}
{"level":"info","msg":"[Telmon] Running restoration command: go run .\\server\\telnet-server.go \n","time":"2022-10-11T15:53:48+03:00"}
{"level":"info","msg":"[Telmon] Restoration failed, command returned error: exit status 127","time":"2022-10-11T15:53:48+03:00"}
{"level":"info","msg":"[Telmon] Trying to connect to telnet server.","time":"2022-10-11T15:53:58+03:00"}
{"level":"info","msg":"[Telmon] Encountered errors while connecting: ","time":"2022-10-11T15:54:01+03:00"}
{"kind":"failed","level":"error","msg":"[Telmon] %v \ndial tcp [::1]:5555: connectex: No connection could be made because the target machine actively refused it.","time":"2022-10-11T15:54:01+03:00"}
{"level":"info","msg":"[Telmon] Reporting this error","time":"2022-10-11T15:54:01+03:00"}
{"level":"info","msg":"[Telmon] Running restoration command: go run .\\server\\telnet-server.go \n","time":"2022-10-11T15:54:01+03:00"}
{"level":"info","msg":"[Telmon] Restoration failed, command returned error: exit status 127","time":"2022-10-11T15:54:01+03:00"}
{"level":"info","msg":"[Telmon] Trying to connect to telnet server.","time":"2022-10-11T15:54:11+03:00"}
{"level":"info","msg":"[Telmon] Encountered errors while connecting: ","time":"2022-10-11T15:54:13+03:00"}
{"kind":"failed","level":"error","msg":"[Telmon] %v \ndial tcp [::1]:5555: connectex: No connection could be made because the target machine actively refused it.","time":"2022-10-11T15:54:13+03:00"}
{"level":"info","msg":"[Telmon] Reporting this error","time":"2022-10-11T15:54:13+03:00"}
{"level":"info","msg":"[Telmon] Running restoration command: go run .\\server\\telnet-server.go \n","time":"2022-10-11T15:54:13+03:00"}
{"level":"info","msg":"[Telmon] Restoration failed, command returned error: exit status 127","time":"2022-10-11T15:54:14+03:00"}
{"level":"info","msg":"[Telmon] Trying to connect to telnet server.","time":"2022-10-11T15:54:24+03:00"}
{"level":"info","msg":"[Telmon] Encountered errors while connecting: ","time":"2022-10-11T15:54:26+03:00"}
{"kind":"failed","level":"error","msg":"[Telmon] %v \ndial tcp [::1]:5555: connectex: No connection could be made because the target machine actively refused it.","time":"2022-10-11T15:54:26+03:00"}
{"level":"info","msg":"[Telmon] Reporting this error","time":"2022-10-11T15:54:26+03:00"}
{"level":"info","msg":"[Telmon] Running restoration command: go run .\\server\\telnet-server.go \n","time":"2022-10-11T15:54:26+03:00"}
{"level":"info","msg":"[Telmon] Restoration failed, command returned error: exit status 127","time":"2022-10-11T15:54:27+03:00"}
{"level":"info","msg":"[Telmon] Trying to connect to telnet server.","time":"2022-10-11T15:54:37+03:00"}
{"level":"info","msg":"[Telmon] Encountered errors while connecting: ","time":"2022-10-11T15:54:39+03:00"}
{"kind":"failed","level":"error","msg":"[Telmon] %v \ndial tcp [::1]:5555: connectex: No connection could be made because the target machine actively refused it.","time":"2022-10-11T15:54:39+03:00"}
{"level":"info","msg":"[Telmon] Reporting this error","time":"2022-10-11T15:54:39+03:00"}
{"level":"info","msg":"[Telmon] Running restoration command: go run .\\server\\telnet-server.go \n","time":"2022-10-11T15:54:39+03:00"}
{"level":"info","msg":"[Telmon] Restoration failed, command returned error: exit status 127","time":"2022-10-11T15:54:39+03:00"}
{"level":"info","msg":"[Telmon] Trying to connect to telnet server.","time":"2022-10-11T15:54:49+03:00"}
{"level":"info","msg":"[Telmon] Encountered errors while connecting: ","time":"2022-10-11T15:54:52+03:00"}
{"kind":"failed","level":"error","msg":"[Telmon] %v \ndial tcp [::1]:5555: connectex: No connection could be made because the target machine actively refused it.","time":"2022-10-11T15:54:52+03:00"}
{"level":"info","msg":"[Telmon] Reporting this error","time":"2022-10-11T15:54:52+03:00"}
{"level":"info","msg":"[Telmon] Running restoration command: go run .\\server\\telnet-server.go \n","time":"2022-10-11T15:54:52+03:00"}
{"level":"info","msg":"[Telmon] Restoration failed, command returned error: exit status 127","time":"2022-10-11T15:54:52+03:00"}
{"level":"info","msg":"[Telmon] Trying to connect to telnet server.","time":"2022-10-11T15:55:02+03:00"}
{"level":"info","msg":"[Telmon] Encountered errors while connecting: ","time":"2022-10-11T15:55:05+03:00"}
{"kind":"failed","level":"error","msg":"[Telmon] %v \ndial tcp [::1]:5555: connectex: No connection could be made because the target machine actively refused it.","time":"2022-10-11T15:55:05+03:00"}
{"level":"info","msg":"[Telmon] Reporting this error","time":"2022-10-11T15:55:05+03:00"}
{"level":"info","msg":"[Telmon] Running restoration command: go run .\\server\\telnet-server.go \n","time":"2022-10-11T15:55:05+03:00"}
{"level":"info","msg":"[Telmon] Restoration failed, command returned error: exit status 127","time":"2022-10-11T15:55:05+03:00"}
{"level":"info","msg":"[Telmon] Trying to connect to telnet server.","time":"2022-10-11T15:55:15+03:00"}
{"level":"info","msg":"[Telmon] Encountered errors while connecting: ","time":"2022-10-11T15:55:17+03:00"}
{"kind":"failed","level":"error","msg":"[Telmon] %v \ndial tcp [::1]:5555: connectex: No connection could be made because the target machine actively refused it.","time":"2022-10-11T15:55:17+03:00"}
{"level":"info","msg":"[Telmon] Reporting this error","time":"2022-10-11T15:55:17+03:00"}
{"level":"info","msg":"[Telmon] Running restoration command: go run .\\server\\telnet-server.go \n","time":"2022-10-11T15:55:17+03:00"}
{"level":"info","msg":"[Telmon] Restoration failed, command returned error: exit status 127","time":"2022-10-11T15:55:18+03:00"}
{"level":"info","msg":"[Telmon] Trying to connect to telnet server.","time":"2022-10-11T15:55:28+03:00"}
{"level":"info","msg":"[Telmon] Encountered errors while connecting: ","time":"2022-10-11T15:55:30+03:00"}
{"kind":"failed","level":"error","msg":"[Telmon] %v \ndial tcp [::1]:5555: connectex: No connection could be made because the target machine actively refused it.","time":"2022-10-11T15:55:30+03:00"}
{"level":"info","msg":"[Telmon] Reporting this error","time":"2022-10-11T15:55:30+03:00"}
{"level":"info","msg":"[Telmon] Running restoration command: go run .\\server\\telnet-server.go \n","time":"2022-10-11T15:55:30+03:00"}
{"level":"info","msg":"[Telmon] Restoration failed, command returned error: exit status 127","time":"2022-10-11T15:55:31+03:00"}
{"level":"info","msg":"[Telmon] Trying to connect to telnet server.","time":"2022-10-11T15:55:41+03:00"}
{"level":"info","msg":"[Telmon] Encountered errors while connecting: ","time":"2022-10-11T15:55:43+03:00"}
{"kind":"failed","level":"error","msg":"[Telmon] %v \ndial tcp [::1]:5555: connectex: No connection could be made because the target machine actively refused it.","time":"2022-10-11T15:55:43+03:00"}
{"level":"info","msg":"[Telmon] Reporting this error","time":"2022-10-11T15:55:43+03:00"}
{"level":"info","msg":"[Telmon] Running restoration command: go run .\\server\\telnet-server.go \n","time":"2022-10-11T15:55:43+03:00"}
{"level":"info","msg":"[Telmon] Restoration failed, command returned error: exit status 127","time":"2022-10-11T15:55:43+03:00"}
{"level":"info","msg":"[Telmon] Trying to connect to telnet server.","time":"2022-10-11T15:55:53+03:00"}
{"level":"info","msg":"[Telmon] Encountered errors while connecting: ","time":"2022-10-11T15:55:56+03:00"}
{"kind":"failed","level":"error","msg":"[Telmon] %v \ndial tcp [::1]:5555: connectex: No connection could be made because the target machine actively refused it.","time":"2022-10-11T15:55:56+03:00"}
{"level":"info","msg":"[Telmon] Reporting this error","time":"2022-10-11T15:55:56+03:00"}
{"level":"info","msg":"[Telmon] Running restoration command: go run .\\server\\telnet-server.go \n","time":"2022-10-11T15:55:56+03:00"}
{"level":"info","msg":"[Telmon] Restoration failed, command returned error: exit status 127","time":"2022-10-11T15:55:56+03:00"}
{"level":"info","msg":"[Telmon] Trying to connect to telnet server.","time":"2022-10-11T15:56:06+03:00"}
{"level":"info","msg":"[Telmon] Encountered errors while connecting: ","time":"2022-10-11T15:56:08+03:00"}
{"kind":"failed","level":"error","msg":"[Telmon] %v \ndial tcp [::1]:5555: connectex: No connection could be made because the target machine actively refused it.","time":"2022-10-11T15:56:08+03:00"}
{"level":"info","msg":"[Telmon] Reporting this error","time":"2022-10-11T15:56:08+03:00"}
{"level":"info","msg":"[Telmon] Running restoration command: go run .\\server\\telnet-server.go \n","time":"2022-10-11T15:56:08+03:00"}
{"level":"info","msg":"[Telmon] Restoration failed, command returned error: exit status 127","time":"2022-10-11T15:56:09+03:00"}
{"level":"info","msg":"[Telmon] Trying to connect to telnet server.","time":"2022-10-11T15:56:19+03:00"}
{"level":"info","msg":"[Telmon] Encountered errors while connecting: ","time":"2022-10-11T15:56:21+03:00"}
{"kind":"failed","level":"error","msg":"[Telmon] %v \ndial tcp [::1]:5555: connectex: No connection could be made because the target machine actively refused it.","time":"2022-10-11T15:56:21+03:00"}
{"level":"info","msg":"[Telmon] Reporting this error","time":"2022-10-11T15:56:21+03:00"}
{"level":"info","msg":"[Telmon] Running restoration command: go run .\\server\\telnet-server.go \n","time":"2022-10-11T15:56:21+03:00"}
{"level":"info","msg":"[Telmon] Restoration failed, command returned error: exit status 127","time":"2022-10-11T15:56:21+03:00"}
{"level":"info","msg":"[Telmon] Trying to connect to telnet server.","time":"2022-10-11T15:56:31+03:00"}
{"level":"info","msg":"[Telmon] Encountered errors while connecting: ","time":"2022-10-11T15:56:33+03:00"}
{"kind":"failed","level":"error","msg":"[Telmon] %v \ndial tcp [::1]:5555: connectex: No connection could be made because the target machine actively refused it.","time":"2022-10-11T15:56:33+03:00"}
{"level":"info","msg":"[Telmon] Reporting this error","time":"2022-10-11T15:56:33+03:00"}
{"level":"info","msg":"[Telmon] Running restoration command: go run .\\server\\telnet-server.go \n","time":"2022-10-11T15:56:33+03:00"}
{"level":"info","msg":"[Telmon] Restoration failed, command returned error: exit status 127","time":"2022-10-11T15:56:34+03:00"}
{"level":"info","msg":"[Telmon] Trying to connect to telnet server.","time":"2022-10-11T15:56:44+03:00"}
{"level":"info","msg":"[Telmon] Encountered errors while connecting: ","time":"2022-10-11T15:56:46+03:00"}
{"kind":"failed","level":"error","msg":"[Telmon] %v \ndial tcp [::1]:5555: connectex: No connection could be made because the target machine actively refused it.","time":"2022-10-11T15:56:46+03:00"}
{"level":"info","msg":"[Telmon] Reporting this error","time":"2022-10-11T15:56:46+03:00"}
{"level":"info","msg":"[Telmon] Running restoration command: go run .\\server\\telnet-server.go \n","time":"2022-10-11T15:56:46+03:00"}
{"level":"info","msg":"[Telmon] Restoration failed, command returned error: exit status 127","time":"2022-10-11T15:56:46+03:00"}
{"level":"info","msg":"[Telmon] Trying to connect to telnet server.","time":"2022-10-11T15:56:56+03:00"}
{"level":"info","msg":"[Telmon] Encountered errors while connecting: ","time":"2022-10-11T15:56:59+03:00"}
{"kind":"failed","level":"error","msg":"[Telmon] %v \ndial tcp [::1]:5555: connectex: No connection could be made because the target machine actively refused it.","time":"2022-10-11T15:56:59+03:00"}
{"level":"info","msg":"[Telmon] Reporting this error","time":"2022-10-11T15:56:59+03:00"}
{"level":"info","msg":"[Telmon] Running restoration command: go run .\\server\\telnet-server.go \n","time":"2022-10-11T15:56:59+03:00"}
{"level":"info","msg":"[Telmon] Restoration failed, command returned error: exit status 127","time":"2022-10-11T15:56:59+03:00"}
{"level":"info","msg":"[Telmon] Trying to connect to telnet server.","time":"2022-10-11T15:57:09+03:00"}
{"level":"info","msg":"[Telmon] Encountered errors while connecting: ","time":"2022-10-11T15:57:12+03:00"}
{"kind":"failed","level":"error","msg":"[Telmon] %v \ndial tcp [::1]:5555: connectex: No connection could be made because the target machine actively refused it.","time":"2022-10-11T15:57:12+03:00"}
{"level":"info","msg":"[Telmon] Reporting this error","time":"2022-10-11T15:57:12+03:00"}
{"level":"info","msg":"[Telmon] Running restoration command: go run .\\server\\telnet-server.go \n","time":"2022-10-11T15:57:12+03:00"}
{"level":"info","msg":"[Telmon] Restoration failed, command returned error: exit status 127","time":"2022-10-11T15:57:12+03:00"}
{"level":"info","msg":"[Telmon] Trying to connect to telnet server.","time":"2022-10-11T15:57:22+03:00"}
{"level":"info","msg":"[Telmon] Encountered errors while connecting: ","time":"2022-10-11T15:57:24+03:00"}
{"kind":"failed","level":"error","msg":"[Telmon] %v \ndial tcp [::1]:5555: connectex: No connection could be made because the target machine actively refused it.","time":"2022-10-11T15:57:24+03:00"}
{"level":"info","msg":"[Telmon] Reporting this error","time":"2022-10-11T15:57:24+03:00"}
{"level":"info","msg":"[Telmon] Running restoration command: go run .\\server\\telnet-server.go \n","time":"2022-10-11T15:57:24+03:00"}
{"level":"info","msg":"[Telmon] Restoration failed, command returned error: exit status 127","time":"2022-10-11T15:57:25+03:00"}
{"level":"info","msg":"[Telmon] Trying to connect to telnet server.","time":"2022-10-11T15:57:35+03:00"}
{"level":"info","msg":"[Telmon] Encountered errors while connecting: ","time":"2022-10-11T15:57:37+03:00"}
{"kind":"failed","level":"error","msg":"[Telmon] %v \ndial tcp [::1]:5555: connectex: No connection could be made because the target machine actively refused it.","time":"2022-10-11T15:57:37+03:00"}
{"level":"info","msg":"[Telmon] Reporting this error","time":"2022-10-11T15:57:37+03:00"}
{"level":"info","msg":"[Telmon] Running restoration command: go run .\\server\\telnet-server.go \n","time":"2022-10-11T15:57:37+03:00"}
{"level":"info","msg":"[Telmon] Restoration failed, command returned error: exit status 127","time":"2022-10-11T15:57:37+03:00"}
{"level":"info","msg":"[Telmon] Trying to connect to telnet server.","time":"2022-10-11T15:57:47+03:00"}
{"level":"info","msg":"[Telmon] Encountered errors while connecting: ","time":"2022-10-11T15:57:50+03:00"}
{"kind":"failed","level":"error","msg":"[Telmon] %v \ndial tcp [::1]:5555: connectex: No connection could be made because the target machine actively refused it.","time":"2022-10-11T15:57:50+03:00"}
{"level":"info","msg":"[Telmon] Reporting this error","time":"2022-10-11T15:57:50+03:00"}
{"level":"info","msg":"[Telmon] Running restoration command: go run .\\server\\telnet-server.go \n","time":"2022-10-11T15:57:50+03:00"}
{"level":"info","msg":"[Telmon] Restoration failed, command returned error: exit status 127","time":"2022-10-11T15:57:50+03:00"}
{"level":"info","msg":"[Telmon] Trying to connect to telnet server.","time":"2022-10-11T15:58:00+03:00"}
{"level":"info","msg":"[Telmon] Encountered errors while connecting: ","time":"2022-10-11T15:58:02+03:00"}
{"kind":"failed","level":"error","msg":"[Telmon] %v \ndial tcp [::1]:5555: connectex: No connection could be made because the target machine actively refused it.","time":"2022-10-11T15:58:02+03:00"}
{"level":"info","msg":"[Telmon] Reporting this error","time":"2022-10-11T15:58:02+03:00"}
{"level":"info","msg":"[Telmon] Running restoration command: go run .\\server\\telnet-server.go \n","time":"2022-10-11T15:58:02+03:00"}
{"level":"info","msg":"[Telmon] Restoration failed, command returned error: exit status 127","time":"2022-10-11T15:58:03+03:00"}
{"level":"info","msg":"[Telmon] Trying to connect to telnet server.","time":"2022-10-11T15:58:13+03:00"}
{"level":"info","msg":"[Telmon] Encountered errors while connecting: ","time":"2022-10-11T15:58:15+03:00"}
{"kind":"failed","level":"error","msg":"[Telmon] %v \ndial tcp [::1]:5555: connectex: No connection could be made because the target machine actively refused it.","time":"2022-10-11T15:58:15+03:00"}
{"level":"info","msg":"[Telmon] Reporting this error","time":"2022-10-11T15:58:15+03:00"}
{"level":"info","msg":"[Telmon] Running restoration command: go run .\\server\\telnet-server.go \n","time":"2022-10-11T15:58:15+03:00"}
{"level":"info","msg":"[Telmon] Restoration failed, command returned error: exit status 127","time":"2022-10-11T15:58:16+03:00"}
{"level":"info","msg":"[Telmon] Trying to connect to telnet server.","time":"2022-10-11T15:58:26+03:00"}
{"level":"info","msg":"[Telmon] Encountered errors while connecting: ","time":"2022-10-11T15:58:28+03:00"}
{"kind":"failed","level":"error","msg":"[Telmon] %v \ndial tcp [::1]:5555: connectex: No connection could be made because the target machine actively refused it.","time":"2022-10-11T15:58:28+03:00"}
{"level":"info","msg":"[Telmon] Reporting this error","time":"2022-10-11T15:58:28+03:00"}
{"level":"info","msg":"[Telmon] Running restoration command: go run .\\server\\telnet-server.go \n","time":"2022-10-11T15:58:28+03:00"}
{"level":"info","msg":"[Telmon] Restoration failed, command returned error: exit status 127","time":"2022-10-11T15:58:29+03:00"}
{"level":"info","msg":"[Telmon] Trying to connect to telnet server.","time":"2022-10-11T15:58:39+03:00"}
{"level":"info","msg":"[Telmon] Encountered errors while connecting: ","time":"2022-10-11T15:58:41+03:00"}
{"kind":"failed","level":"error","msg":"[Telmon] %v \ndial tcp [::1]:5555: connectex: No connection could be made because the target machine actively refused it.","time":"2022-10-11T15:58:41+03:00"}
{"level":"info","msg":"[Telmon] Reporting this error","time":"2022-10-11T15:58:41+03:00"}
{"level":"info","msg":"[Telmon] Running restoration command: go run .\\server\\telnet-server.go \n","time":"2022-10-11T15:58:41+03:00"}
{"level":"info","msg":"[Telmon] Restoration failed, command returned error: exit status 127","time":"2022-10-11T15:58:41+03:00"}
{"level":"info","msg":"[Telmon] Trying to connect to telnet server.","time":"2022-10-11T15:58:51+03:00"}
{"level":"info","msg":"[Telmon] Encountered errors while connecting: ","time":"2022-10-11T15:58:53+03:00"}
{"kind":"failed","level":"error","msg":"[Telmon] %v \ndial tcp [::1]:5555: connectex: No connection could be made because the target machine actively refused it.","time":"2022-10-11T15:58:53+03:00"}
{"level":"info","msg":"[Telmon] Reporting this error","time":"2022-10-11T15:58:53+03:00"}
{"level":"info","msg":"[Telmon] Running restoration command: go run .\\server\\telnet-server.go \n","time":"2022-10-11T15:58:53+03:00"}
{"level":"info","msg":"[Telmon] Restoration failed, command returned error: exit status 127","time":"2022-10-11T15:58:54+03:00"}
{"level":"info","msg":"[Telmon] Trying to connect to telnet server.","time":"2022-10-11T15:59:04+03:00"}
{"level":"info","msg":"[Telmon] Encountered errors while connecting: ","time":"2022-10-11T15:59:06+03:00"}
{"kind":"failed","level":"error","msg":"[Telmon] %v \ndial tcp [::1]:5555: connectex: No connection could be made because the target machine actively refused it.","time":"2022-10-11T15:59:06+03:00"}
{"level":"info","msg":"[Telmon] Reporting this error","time":"2022-10-11T15:59:06+03:00"}
{"level":"info","msg":"[Telmon] Running restoration command: go run .\\server\\telnet-server.go \n","time":"2022-10-11T15:59:06+03:00"}
{"level":"info","msg":"[Telmon] Restoration failed, command returned error: exit status 127","time":"2022-10-11T15:59:06+03:00"}
{"level":"info","msg":"[Telmon] Trying to connect to telnet server.","time":"2022-10-11T15:59:16+03:00"}
{"level":"info","msg":"[Telmon] Encountered errors while connecting: ","time":"2022-10-11T15:59:19+03:00"}
{"kind":"failed","level":"error","msg":"[Telmon] %v \ndial tcp [::1]:5555: connectex: No connection could be made because the target machine actively refused it.","time":"2022-10-11T15:59:19+03:00"}
{"level":"info","msg":"[Telmon] Reporting this error","time":"2022-10-11T15:59:19+03:00"}
{"level":"info","msg":"[Telmon] Running restoration command: go run .\\server\\telnet-server.go \n","time":"2022-10-11T15:59:19+03:00"}
{"level":"info","msg":"[Telmon] Restoration failed, command returned error: exit status 127","time":"2022-10-11T15:59:19+03:00"}
{"level":"info","msg":"[Telmon] Trying to connect to telnet server.","time":"2022-10-11T15:59:29+03:00"}
{"level":"info","msg":"[Telmon] Encountered errors while connecting: ","time":"2022-10-11T15:59:31+03:00"}
{"kind":"failed","level":"error","msg":"[Telmon] %v \ndial tcp [::1]:5555: connectex: No connection could be made because the target machine actively refused it.","time":"2022-10-11T15:59:31+03:00"}
{"level":"info","msg":"[Telmon] Reporting this error","time":"2022-10-11T15:59:31+03:00"}
{"level":"info","msg":"[Telmon] Running restoration command: go run .\\server\\telnet-server.go \n","time":"2022-10-11T15:59:31+03:00"}
{"level":"info","msg":"[Telmon] Restoration failed, command returned error: exit status 127","time":"2022-10-11T15:59:32+03:00"}
{"level":"info","msg":"[Telmon] Trying to connect to telnet server.","time":"2022-10-11T15:59:42+03:00"}
{"level":"info","msg":"[Telmon] Encountered errors while connecting: ","time":"2022-10-11T15:59:44+03:00"}
{"kind":"failed","level":"error","msg":"[Telmon] %v \ndial tcp [::1]:5555: connectex: No connection could be made because the target machine actively refused it.","time":"2022-10-11T15:59:44+03:00"}
{"level":"info","msg":"[Telmon] Reporting this error","time":"2022-10-11T15:59:44+03:00"}
{"level":"info","msg":"[Telmon] Running restoration command: go run .\\server\\telnet-server.go \n","time":"2022-10-11T15:59:44+03:00"}
{"level":"info","msg":"[Telmon] Restoration failed, command returned error: exit status 127","time":"2022-10-11T15:59:44+03:00"}
{"level":"info","msg":"[Telmon] Trying to connect to telnet server.","time":"2022-10-11T15:59:54+03:00"}
{"level":"info","msg":"[Telmon] Encountered errors while connecting: ","time":"2022-10-11T15:59:57+03:00"}
{"kind":"failed","level":"error","msg":"[Telmon] %v \ndial tcp [::1]:5555: connectex: No connection could be made because the target machine actively refused it.","time":"2022-10-11T15:59:57+03:00"}
{"level":"info","msg":"[Telmon] Reporting this error","time":"2022-10-11T15:59:57+03:00"}
{"level":"info","msg":"[Telmon] Running restoration command: go run .\\server\\telnet-server.go \n","time":"2022-10-11T15:59:57+03:00"}
{"level":"info","msg":"[Telmon] Restoration failed, command returned error: exit status 127","time":"2022-10-11T15:59:57+03:00"}
{"level":"info","msg":"[Telmon] Trying to connect to telnet server.","time":"2022-10-11T16:00:07+03:00"}
{"level":"info","msg":"[Telmon] Encountered errors while connecting: ","time":"2022-10-11T16:00:10+03:00"}
{"kind":"failed","level":"error","msg":"[Telmon] %v \ndial tcp [::1]:5555: connectex: No connection could be made because the target machine actively refused it.","time":"2022-10-11T16:00:10+03:00"}
{"level":"info","msg":"[Telmon] Reporting this error","time":"2022-10-11T16:00:10+03:00"}
{"level":"info","msg":"[Telmon] Running restoration command: go run .\\server\\telnet-server.go \n","time":"2022-10-11T16:00:10+03:00"}
{"level":"info","msg":"[Telmon] Restoration failed, command returned error: exit status 127","time":"2022-10-11T16:00:10+03:00"}
{"level":"info","msg":"[Telmon] Trying to connect to telnet server.","time":"2022-10-11T16:00:20+03:00"}
{"level":"info","msg":"[Telmon] Encountered errors while connecting: ","time":"2022-10-11T16:00:22+03:00"}
{"kind":"failed","level":"error","msg":"[Telmon] %v \ndial tcp [::1]:5555: connectex: No connection could be made because the target machine actively refused it.","time":"2022-10-11T16:00:22+03:00"}
{"level":"info","msg":"[Telmon] Reporting this error","time":"2022-10-11T16:00:22+03:00"}
{"level":"info","msg":"[Telmon] Running restoration command: go run .\\server\\telnet-server.go \n","time":"2022-10-11T16:00:22+03:00"}
{"level":"info","msg":"[Telmon] Restoration failed, command returned error: exit status 127","time":"2022-10-11T16:00:23+03:00"}
{"level":"info","msg":"[Telmon] Trying to connect to telnet server.","time":"2022-10-11T16:00:33+03:00"}
{"level":"info","msg":"[Telmon] Encountered errors while connecting: ","time":"2022-10-11T16:00:35+03:00"}
{"kind":"failed","level":"error","msg":"[Telmon] %v \ndial tcp [::1]:5555: connectex: No connection could be made because the target machine actively refused it.","time":"2022-10-11T16:00:35+03:00"}
{"level":"info","msg":"[Telmon] Reporting this error","time":"2022-10-11T16:00:35+03:00"}
{"level":"info","msg":"[Telmon] Running restoration command: go run .\\server\\telnet-server.go \n","time":"2022-10-11T16:00:35+03:00"}
{"level":"info","msg":"[Telmon] Restoration failed, command returned error: exit status 127","time":"2022-10-11T16:00:35+03:00"}
{"level":"info","msg":"[Telmon] Trying to connect to telnet server.","time":"2022-10-11T16:00:45+03:00"}
{"level":"info","msg":"[Telmon] Encountered errors while connecting: ","time":"2022-10-11T16:00:47+03:00"}
{"kind":"failed","level":"error","msg":"[Telmon] %v \ndial tcp [::1]:5555: connectex: No connection could be made because the target machine actively refused it.","time":"2022-10-11T16:00:47+03:00"}
{"level":"info","msg":"[Telmon] Reporting this error","time":"2022-10-11T16:00:47+03:00"}
{"level":"info","msg":"[Telmon] Running restoration command: go run .\\server\\telnet-server.go \n","time":"2022-10-11T16:00:47+03:00"}
{"level":"info","msg":"[Telmon] Restoration failed, command returned error: exit status 127","time":"2022-10-11T16:00:48+03:00"}
{"level":"info","msg":"[Telmon] Trying to connect to telnet server.","time":"2022-10-11T16:00:58+03:00"}
{"level":"info","msg":"[Telmon] Encountered errors while connecting: ","time":"2022-10-11T16:01:00+03:00"}
{"kind":"failed","level":"error","msg":"[Telmon] %v \ndial tcp [::1]:5555: connectex: No connection could be made because the target machine actively refused it.","time":"2022-10-11T16:01:00+03:00"}
{"level":"info","msg":"[Telmon] Reporting this error","time":"2022-10-11T16:01:00+03:00"}
{"level":"info","msg":"[Telmon] Running restoration command: go run .\\server\\telnet-server.go \n","time":"2022-10-11T16:01:00+03:00"}
{"level":"info","msg":"[Telmon] Restoration failed, command returned error: exit status 127","time":"2022-10-11T16:01:00+03:00"}
{"level":"info","msg":"[Telmon] Trying to connect to telnet server.","time":"2022-10-11T16:01:10+03:00"}
{"level":"info","msg":"[Telmon] Encountered errors while connecting: ","time":"2022-10-11T16:01:13+03:00"}
{"kind":"failed","level":"error","msg":"[Telmon] %v \ndial tcp [::1]:5555: connectex: No connection could be made because the target machine actively refused it.","time":"2022-10-11T16:01:13+03:00"}
{"level":"info","msg":"[Telmon] Reporting this error","time":"2022-10-11T16:01:13+03:00"}
{"level":"info","msg":"[Telmon] Running restoration command: go run .\\server\\telnet-server.go \n","time":"2022-10-11T16:01:13+03:00"}
{"level":"info","msg":"[Telmon] Restoration failed, command returned error: exit status 127","time":"2022-10-11T16:01:13+03:00"}
{"level":"info","msg":"[Telmon] Trying to connect to telnet server.","time":"2022-10-11T16:01:23+03:00"}
{"level":"info","msg":"[Telmon] Encountered errors while connecting: ","time":"2022-10-11T16:01:25+03:00"}
{"kind":"failed","level":"error","msg":"[Telmon] %v \ndial tcp [::1]:5555: connectex: No connection could be made because the target machine actively refused it.","time":"2022-10-11T16:01:25+03:00"}
{"level":"info","msg":"[Telmon] Reporting this error","time":"2022-10-11T16:01:25+03:00"}
{"level":"info","msg":"[Telmon] Running restoration command: go run .\\server\\telnet-server.go \n","time":"2022-10-11T16:01:25+03:00"}
{"level":"info","msg":"[Telmon] Restoration failed, command returned error: exit status 127","time":"2022-10-11T16:01:26+03:00"}
{"level":"info","msg":"[Telmon] Trying to connect to telnet server.","time":"2022-10-11T16:01:36+03:00"}
{"level":"info","msg":"[Telmon] Encountered errors while connecting: ","time":"2022-10-11T16:01:38+03:00"}
{"kind":"failed","level":"error","msg":"[Telmon] %v \ndial tcp [::1]:5555: connectex: No connection could be made because the target machine actively refused it.","time":"2022-10-11T16:01:38+03:00"}
{"level":"info","msg":"[Telmon] Reporting this error","time":"2022-10-11T16:01:38+03:00"}
{"level":"info","msg":"[Telmon] Running restoration command: go run .\\server\\telnet-server.go \n","time":"2022-10-11T16:01:38+03:00"}
{"level":"info","msg":"[Telmon] Restoration failed, command returned error: exit status 127","time":"2022-10-11T16:01:39+03:00"}
{"level":"info","msg":"[Telmon] Trying to connect to telnet server.","time":"2022-10-11T16:01:49+03:00"}
{"level":"info","msg":"[Telmon] Encountered errors while connecting: ","time":"2022-10-11T16:01:51+03:00"}
{"kind":"failed","level":"error","msg":"[Telmon] %v \ndial tcp [::1]:5555: connectex: No connection could be made because the target machine actively refused it.","time":"2022-10-11T16:01:51+03:00"}
{"level":"info","msg":"[Telmon] Reporting this error","time":"2022-10-11T16:01:51+03:00"}
{"level":"info","msg":"[Telmon] Running restoration command: go run .\\server\\telnet-server.go \n","time":"2022-10-11T16:01:51+03:00"}
{"level":"info","msg":"[Telmon] Restoration failed, command returned error: exit status 127","time":"2022-10-11T16:01:51+03:00"}
{"level":"info","msg":"[Telmon] Trying to connect to telnet server.","time":"2022-10-11T16:02:01+03:00"}
{"level":"info","msg":"[Telmon] Encountered errors while connecting: ","time":"2022-10-11T16:02:04+03:00"}
{"kind":"failed","level":"error","msg":"[Telmon] %v \ndial tcp [::1]:5555: connectex: No connection could be made because the target machine actively refused it.","time":"2022-10-11T16:02:04+03:00"}
{"level":"info","msg":"[Telmon] Reporting this error","time":"2022-10-11T16:02:04+03:00"}
{"level":"info","msg":"[Telmon] Running restoration command: go run .\\server\\telnet-server.go \n","time":"2022-10-11T16:02:04+03:00"}
{"level":"info","msg":"[Telmon] Restoration failed, command returned error: exit status 127","time":"2022-10-11T16:02:04+03:00"}
{"level":"info","msg":"[Telmon] Trying to connect to telnet server.","time":"2022-10-11T16:02:14+03:00"}
{"level":"info","msg":"[Telmon] Encountered errors while connecting: ","time":"2022-10-11T16:02:17+03:00"}
{"kind":"failed","level":"error","msg":"[Telmon] %v \ndial tcp [::1]:5555: connectex: No connection could be made because the target machine actively refused it.","time":"2022-10-11T16:02:17+03:00"}
{"level":"info","msg":"[Telmon] Reporting this error","time":"2022-10-11T16:02:17+03:00"}
{"level":"info","msg":"[Telmon] Running restoration command: go run .\\server\\telnet-server.go \n","time":"2022-10-11T16:02:17+03:00"}
{"level":"info","msg":"[Telmon] Restoration failed, command returned error: exit status 127","time":"2022-10-11T16:02:17+03:00"}
{"level":"info","msg":"[Telmon] Trying to connect to telnet server.","time":"2022-10-11T16:02:27+03:00"}
{"level":"info","msg":"[Telmon] Encountered errors while connecting: ","time":"2022-10-11T16:02:29+03:00"}
{"kind":"failed","level":"error","msg":"[Telmon] %v \ndial tcp [::1]:5555: connectex: No connection could be made because the target machine actively refused it.","time":"2022-10-11T16:02:29+03:00"}
{"level":"info","msg":"[Telmon] Reporting this error","time":"2022-10-11T16:02:29+03:00"}
{"level":"info","msg":"[Telmon] Running restoration command: go run .\\server\\telnet-server.go \n","time":"2022-10-11T16:02:29+03:00"}
{"level":"info","msg":"[Telmon] Restoration failed, command returned error: exit status 127","time":"2022-10-11T16:02:29+03:00"}
{"level":"info","msg":"[Telmon] Trying to connect to telnet server.","time":"2022-10-11T16:02:39+03:00"}
{"level":"info","msg":"[Telmon] Encountered errors while connecting: ","time":"2022-10-11T16:02:42+03:00"}
{"kind":"failed","level":"error","msg":"[Telmon] %v \ndial tcp [::1]:5555: connectex: No connection could be made because the target machine actively refused it.","time":"2022-10-11T16:02:42+03:00"}
{"level":"info","msg":"[Telmon] Reporting this error","time":"2022-10-11T16:02:42+03:00"}
{"level":"info","msg":"[Telmon] Running restoration command: go run .\\server\\telnet-server.go \n","time":"2022-10-11T16:02:42+03:00"}
{"level":"info","msg":"[Telmon] Restoration failed, command returned error: exit status 127","time":"2022-10-11T16:02:42+03:00"}
{"level":"info","msg":"[Telmon] Trying to connect to telnet server.","time":"2022-10-11T16:02:52+03:00"}
{"level":"info","msg":"[Telmon] Encountered errors while connecting: ","time":"2022-10-11T16:02:54+03:00"}
{"kind":"failed","level":"error","msg":"[Telmon] %v \ndial tcp [::1]:5555: connectex: No connection could be made because the target machine actively refused it.","time":"2022-10-11T16:02:54+03:00"}
{"level":"info","msg":"[Telmon] Reporting this error","time":"2022-10-11T16:02:54+03:00"}
{"level":"info","msg":"[Telmon] Running restoration command: go run .\\server\\telnet-server.go \n","time":"2022-10-11T16:02:54+03:00"}
{"level":"info","msg":"[Telmon] Restoration failed, command returned error: exit status 127","time":"2022-10-11T16:02:55+03:00"}
{"level":"info","msg":"[Telmon] Trying to connect to telnet server.","time":"2022-10-11T16:03:05+03:00"}
{"level":"info","msg":"[Telmon] Encountered errors while connecting: ","time":"2022-10-11T16:03:08+03:00"}
{"kind":"failed","level":"error","msg":"[Telmon] %v \ndial tcp [::1]:5555: connectex: No connection could be made because the target machine actively refused it.","time":"2022-10-11T16:03:08+03:00"}
{"level":"info","msg":"[Telmon] Reporting this error","time":"2022-10-11T16:03:08+03:00"}
{"level":"info","msg":"[Telmon] Running restoration command: go run .\\server\\telnet-server.go \n","time":"2022-10-11T16:03:08+03:00"}
{"level":"info","msg":"[Telmon] Restoration failed, command returned error: exit status 127","time":"2022-10-11T16:03:08+03:00"}
{"level":"info","msg":"[Telmon] Trying to connect to telnet server.","time":"2022-10-11T16:03:18+03:00"}
{"level":"info","msg":"[Telmon] Encountered errors while connecting: ","time":"2022-10-11T16:03:20+03:00"}
{"kind":"failed","level":"error","msg":"[Telmon] %v \ndial tcp [::1]:5555: connectex: No connection could be made because the target machine actively refused it.","time":"2022-10-11T16:03:20+03:00"}
{"level":"info","msg":"[Telmon] Reporting this error","time":"2022-10-11T16:03:20+03:00"}
{"level":"info","msg":"[Telmon] Running restoration command: go run .\\server\\telnet-server.go \n","time":"2022-10-11T16:03:20+03:00"}
{"level":"info","msg":"[Telmon] Restoration failed, command returned error: exit status 127","time":"2022-10-11T16:03:21+03:00"}
{"level":"info","msg":"[Telmon] Trying to connect to telnet server.","time":"2022-10-11T16:03:31+03:00"}
{"level":"info","msg":"[Telmon] Encountered errors while connecting: ","time":"2022-10-11T16:03:33+03:00"}
{"kind":"failed","level":"error","msg":"[Telmon] %v \ndial tcp [::1]:5555: connectex: No connection could be made because the target machine actively refused it.","time":"2022-10-11T16:03:33+03:00"}
{"level":"info","msg":"[Telmon] Reporting this error","time":"2022-10-11T16:03:33+03:00"}
{"level":"info","msg":"[Telmon] Running restoration command: go run .\\server\\telnet-server.go \n","time":"2022-10-11T16:03:33+03:00"}
{"level":"info","msg":"[Telmon] Restoration failed, command returned error: exit status 127","time":"2022-10-11T16:03:33+03:00"}
{"level":"info","msg":"[Telmon] Trying to connect to telnet server.","time":"2022-10-11T16:03:43+03:00"}
{"level":"info","msg":"[Telmon] Encountered errors while connecting: ","time":"2022-10-11T16:03:45+03:00"}
{"kind":"failed","level":"error","msg":"[Telmon] %v \ndial tcp [::1]:5555: connectex: No connection could be made because the target machine actively refused it.","time":"2022-10-11T16:03:45+03:00"}
{"level":"info","msg":"[Telmon] Reporting this error","time":"2022-10-11T16:03:45+03:00"}
{"level":"info","msg":"[Telmon] Running restoration command: go run .\\server\\telnet-server.go \n","time":"2022-10-11T16:03:45+03:00"}
{"level":"info","msg":"[Telmon] Restoration failed, command returned error: exit status 127","time":"2022-10-11T16:03:46+03:00"}
{"level":"info","msg":"[Telmon] Trying to connect to telnet server.","time":"2022-10-11T16:03:56+03:00"}
{"level":"info","msg":"[Telmon] Encountered errors while connecting: ","time":"2022-10-11T16:03:58+03:00"}
{"kind":"failed","level":"error","msg":"[Telmon] %v \ndial tcp [::1]:5555: connectex: No connection could be made because the target machine actively refused it.","time":"2022-10-11T16:03:58+03:00"}
{"level":"info","msg":"[Telmon] Reporting this error","time":"2022-10-11T16:03:58+03:00"}
{"level":"info","msg":"[Telmon] Running restoration command: go run .\\server\\telnet-server.go \n","time":"2022-10-11T16:03:58+03:00"}
{"level":"info","msg":"[Telmon] Restoration failed, command returned error: exit status 127","time":"2022-10-11T16:03:58+03:00"}
{"level":"info","msg":"[Telmon] Trying to connect to telnet server.","time":"2022-10-11T16:04:08+03:00"}
{"level":"info","msg":"[Telmon] Encountered errors while connecting: ","time":"2022-10-11T16:04:11+03:00"}
{"kind":"failed","level":"error","msg":"[Telmon] %v \ndial tcp [::1]:5555: connectex: No connection could be made because the target machine actively refused it.","time":"2022-10-11T16:04:11+03:00"}
{"level":"info","msg":"[Telmon] Reporting this error","time":"2022-10-11T16:04:11+03:00"}
{"level":"info","msg":"[Telmon] Running restoration command: go run .\\server\\telnet-server.go \n","time":"2022-10-11T16:04:11+03:00"}
{"level":"info","msg":"[Telmon] Restoration failed, command returned error: exit status 127","time":"2022-10-11T16:04:11+03:00"}
{"level":"info","msg":"[Telmon] Trying to connect to telnet server.","time":"2022-10-11T16:04:21+03:00"}
{"level":"info","msg":"[Telmon] Encountered errors while connecting: ","time":"2022-10-11T16:04:23+03:00"}
{"kind":"failed","level":"error","msg":"[Telmon] %v \ndial tcp [::1]:5555: connectex: No connection could be made because the target machine actively refused it.","time":"2022-10-11T16:04:23+03:00"}
{"level":"info","msg":"[Telmon] Reporting this error","time":"2022-10-11T16:04:23+03:00"}
{"level":"info","msg":"[Telmon] Running restoration command: go run .\\server\\telnet-server.go \n","time":"2022-10-11T16:04:23+03:00"}
{"level":"info","msg":"[Telmon] Restoration failed, command returned error: exit status 127","time":"2022-10-11T16:04:24+03:00"}
{"level":"info","msg":"[Telmon] Trying to connect to telnet server.","time":"2022-10-11T16:04:34+03:00"}
{"level":"info","msg":"[Telmon] Encountered errors while connecting: ","time":"2022-10-11T16:04:36+03:00"}
{"kind":"failed","level":"error","msg":"[Telmon] %v \ndial tcp [::1]:5555: connectex: No connection could be made because the target machine actively refused it.","time":"2022-10-11T16:04:36+03:00"}
{"level":"info","msg":"[Telmon] Reporting this error","time":"2022-10-11T16:04:36+03:00"}
{"level":"info","msg":"[Telmon] Running restoration command: go run .\\server\\telnet-server.go \n","time":"2022-10-11T16:04:36+03:00"}
{"level":"info","msg":"[Telmon] Restoration failed, command returned error: exit status 127","time":"2022-10-11T16:04:36+03:00"}
{"level":"info","msg":"[Telmon] Trying to connect to telnet server.","time":"2022-10-11T16:04:46+03:00"}
{"level":"info","msg":"[Telmon] Encountered errors while connecting: ","time":"2022-10-11T16:04:49+03:00"}
{"kind":"failed","level":"error","msg":"[Telmon] %v \ndial tcp [::1]:5555: connectex: No connection could be made because the target machine actively refused it.","time":"2022-10-11T16:04:49+03:00"}
{"level":"info","msg":"[Telmon] Reporting this error","time":"2022-10-11T16:04:49+03:00"}
{"level":"info","msg":"[Telmon] Running restoration command: go run .\\server\\telnet-server.go \n","time":"2022-10-11T16:04:49+03:00"}
{"level":"info","msg":"[Telmon] Restoration failed, command returned error: exit status 127","time":"2022-10-11T16:04:49+03:00"}
{"level":"info","msg":"[Telmon] Trying to connect to telnet server.","time":"2022-10-11T16:04:59+03:00"}
{"level":"info","msg":"[Telmon] Encountered errors while connecting: ","time":"2022-10-11T16:05:01+03:00"}
{"kind":"failed","level":"error","msg":"[Telmon] %v \ndial tcp [::1]:5555: connectex: No connection could be made because the target machine actively refused it.","time":"2022-10-11T16:05:01+03:00"}
{"level":"info","msg":"[Telmon] Reporting this error","time":"2022-10-11T16:05:01+03:00"}
{"level":"info","msg":"[Telmon] Running restoration command: go run .\\server\\telnet-server.go \n","time":"2022-10-11T16:05:01+03:00"}
{"level":"info","msg":"[Telmon] Restoration failed, command returned error: exit status 127","time":"2022-10-11T16:05:02+03:00"}
{"level":"info","msg":"[Telmon] Trying to connect to telnet server.","time":"2022-10-11T16:05:12+03:00"}
{"level":"info","msg":"[Telmon] Encountered errors while connecting: ","time":"2022-10-11T16:05:14+03:00"}
{"kind":"failed","level":"error","msg":"[Telmon] %v \ndial tcp [::1]:5555: connectex: No connection could be made because the target machine actively refused it.","time":"2022-10-11T16:05:14+03:00"}
{"level":"info","msg":"[Telmon] Reporting this error","time":"2022-10-11T16:05:14+03:00"}
{"level":"info","msg":"[Telmon] Running restoration command: go run .\\server\\telnet-server.go \n","time":"2022-10-11T16:05:14+03:00"}
{"level":"info","msg":"[Telmon] Restoration failed, command returned error: exit status 127","time":"2022-10-11T16:05:14+03:00"}
{"level":"info","msg":"[Telmon] Trying to connect to telnet server.","time":"2022-10-11T16:05:24+03:00"}
{"level":"info","msg":"[Telmon] Encountered errors while connecting: ","time":"2022-10-11T16:05:27+03:00"}
{"kind":"failed","level":"error","msg":"[Telmon] %v \ndial tcp [::1]:5555: connectex: No connection could be made because the target machine actively refused it.","time":"2022-10-11T16:05:27+03:00"}
{"level":"info","msg":"[Telmon] Reporting this error","time":"2022-10-11T16:05:27+03:00"}
{"level":"info","msg":"[Telmon] Running restoration command: go run .\\server\\telnet-server.go \n","time":"2022-10-11T16:05:27+03:00"}
{"level":"info","msg":"[Telmon] Restoration failed, command returned error: exit status 127","time":"2022-10-11T16:05:27+03:00"}
{"level":"info","msg":"Service is going down.","time":"2022-10-11T16:05:37+03:00"}
{"level":"info","msg":"Received signal interrupt \n","time":"2022-10-11T16:05:37+03:00"}
